[debug] ----------------------------------------------------------------------
[debug] Command:      C:\Program Files (x86)\nodejs\node.exe C:\Users\Kico\AppData\Roaming\npm\node_modules\firebase-tools\bin\firebase tools:migrate
[debug] CLI Version:  3.0.0
[debug] Platform:     win32
[debug] Node Version: v4.4.3
[debug] Time:         Wed May 18 2016 20:53:12 GMT+0200 (Hora de verano romance)
[debug] ----------------------------------------------------------------------
[debug] 
[info] i  Checking feature configuration...
[debug] TypeError: Cannot read property '_src' of undefined
    at null._action (C:\Users\Kico\AppData\Roaming\npm\node_modules\firebase-tools\commands\tools-migrate.js:25:41)
    at C:\Users\Kico\AppData\Roaming\npm\node_modules\firebase-tools\lib\command.js:168:29
    at lib$rsvp$$internal$$tryCatch (C:\Users\Kico\AppData\Roaming\npm\node_modules\firebase-tools\node_modules\rsvp\dist\rsvp.js:1036:16)
    at lib$rsvp$$internal$$invokeCallback (C:\Users\Kico\AppData\Roaming\npm\node_modules\firebase-tools\node_modules\rsvp\dist\rsvp.js:1048:17)
    at C:\Users\Kico\AppData\Roaming\npm\node_modules\firebase-tools\node_modules\rsvp\dist\rsvp.js:331:11
    at lib$rsvp$asap$$flush (C:\Users\Kico\AppData\Roaming\npm\node_modules\firebase-tools\node_modules\rsvp\dist\rsvp.js:1198:9)
    at nextTickCallbackWith0Args (node.js:420:9)
    at process._tickCallback (node.js:349:13)
    at Function.Module.runMain (module.js:443:11)
    at startup (node.js:139:18)
[error] 
[error] Error: An unexpected error has occurred.
